Compiling the C compiler identification source file "CMakeCCompilerId.c" failed.
Compiler: /mnt/c/Projects/TSS/tools/cross/bin/i686-elf-gcc 
Build flags: -Wall;-Wextra;-D__is_kernel;-Iinclude;-ffreestanding;--sysroot=/mnt/c/Projects/TSS/QuanticOS/build/sysroot;-isystem=/mnt/c/Projects/TSS/QuanticOS/build/sysroot/usr/include
Id flags:  

The output was:
1
/mnt/c/Projects/TSS/tools/cross/lib/gcc/i686-elf/13.0.1/../../../../i686-elf/bin/ld: cannot find crt0.o: No such file or directory
/mnt/c/Projects/TSS/tools/cross/lib/gcc/i686-elf/13.0.1/../../../../i686-elf/bin/ld: cannot find -lc: No such file or directory
collect2: error: ld returned 1 exit status


Detecting C compiler ABI info failed to compile with the following output:
Change Dir: /mnt/c/Projects/TSS/QuanticOS/build/CMakeFiles/CMakeTmp

Run Build Command(s):/usr/bin/make -f Makefile cmTC_de326/fast && /usr/bin/make  -f CMakeFiles/cmTC_de326.dir/build.make CMakeFiles/cmTC_de326.dir/build
make[1]: Entering directory '/mnt/c/Projects/TSS/QuanticOS/build/CMakeFiles/CMakeTmp'
Building C object CMakeFiles/cmTC_de326.dir/CMakeCCompilerABI.c.obj
/mnt/c/Projects/TSS/tools/cross/bin/i686-elf-gcc   -Wall -Wextra -D__is_kernel -Iinclude -ffreestanding --sysroot=/mnt/c/Projects/TSS/QuanticOS/build/sysroot -isystem=/mnt/c/Projects/TSS/QuanticOS/build/sysroot/usr/include    -v -o CMakeFiles/cmTC_de326.dir/CMakeCCompilerABI.c.obj -c /usr/local/share/cmake-3.20/Modules/CMakeCCompilerABI.c
Using built-in specs.
COLLECT_GCC=/mnt/c/Projects/TSS/tools/cross/bin/i686-elf-gcc
Target: i686-elf
Configured with: ../../src/gcc/configure --target=i686-elf --prefix=/mnt/c/Projects/TSS/tools/cross --disable-nls --enable-languages=c,c++ --without-headers
Thread model: single
Supported LTO compression algorithms: zlib
gcc version 13.0.1 20230218 (experimental) (GCC) 
COLLECT_GCC_OPTIONS='-Wall' '-Wextra' '-D' '__is_kernel' '-I' 'include' '-ffreestanding' '--sysroot=/mnt/c/Projects/TSS/QuanticOS/build/sysroot' '-isystem' '=/mnt/c/Projects/TSS/QuanticOS/build/sysroot/usr/include' '-v' '-o' 'CMakeFiles/cmTC_de326.dir/CMakeCCompilerABI.c.obj' '-c' '-mtune=generic' '-march=pentiumpro' '-dumpdir' 'CMakeFiles/cmTC_de326.dir/'
 /mnt/c/Projects/TSS/tools/cross/libexec/gcc/i686-elf/13.0.1/cc1 -quiet -v -I include -isysroot /mnt/c/Projects/TSS/QuanticOS/build/sysroot -D __is_kernel -isystem =/mnt/c/Projects/TSS/QuanticOS/build/sysroot/usr/include /usr/local/share/cmake-3.20/Modules/CMakeCCompilerABI.c -quiet -dumpdir CMakeFiles/cmTC_de326.dir/ -dumpbase CMakeCCompilerABI.c.c -dumpbase-ext .c -mtune=generic -march=pentiumpro -Wall -Wextra -version -ffreestanding -o /tmp/ccXAKaH1.s
GNU C17 (GCC) version 13.0.1 20230218 (experimental) (i686-elf)
	compiled by GNU C version 6.3.0 20170516, GMP version 6.1.2, MPFR version 3.1.5, MPC version 1.0.3, isl version isl-0.18-GMP

GGC heuristics: --param ggc-min-expand=30 --param ggc-min-heapsize=4096
ignoring nonexistent directory "/mnt/c/Projects/TSS/QuanticOS/build/sysroot/mnt/c/Projects/TSS/QuanticOS/build/sysroot/usr/include"
ignoring nonexistent directory "/mnt/c/Projects/TSS/tools/cross/lib/gcc/i686-elf/13.0.1/../../../../i686-elf/sys-include"
ignoring nonexistent directory "/mnt/c/Projects/TSS/tools/cross/lib/gcc/i686-elf/13.0.1/../../../../i686-elf/include"
ignoring nonexistent directory "include"
#include "..." search starts here:
#include <...> search starts here:
 /mnt/c/Projects/TSS/tools/cross/lib/gcc/i686-elf/13.0.1/include
 /mnt/c/Projects/TSS/tools/cross/lib/gcc/i686-elf/13.0.1/include-fixed
End of search list.
Compiler executable checksum: 172ba6387224aacab9d21d85da9cef11
COLLECT_GCC_OPTIONS='-Wall' '-Wextra' '-D' '__is_kernel' '-I' 'include' '-ffreestanding' '--sysroot=/mnt/c/Projects/TSS/QuanticOS/build/sysroot' '-isystem' '=/mnt/c/Projects/TSS/QuanticOS/build/sysroot/usr/include' '-v' '-o' 'CMakeFiles/cmTC_de326.dir/CMakeCCompilerABI.c.obj' '-c' '-mtune=generic' '-march=pentiumpro' '-dumpdir' 'CMakeFiles/cmTC_de326.dir/'
 /mnt/c/Projects/TSS/tools/cross/lib/gcc/i686-elf/13.0.1/../../../../i686-elf/bin/as -o CMakeFiles/cmTC_de326.dir/CMakeCCompilerABI.c.obj /tmp/ccXAKaH1.s
COMPILER_PATH=/mnt/c/Projects/TSS/tools/cross/libexec/gcc/i686-elf/13.0.1/:/mnt/c/Projects/TSS/tools/cross/libexec/gcc/i686-elf/13.0.1/:/mnt/c/Projects/TSS/tools/cross/libexec/gcc/i686-elf/:/mnt/c/Projects/TSS/tools/cross/lib/gcc/i686-elf/13.0.1/:/mnt/c/Projects/TSS/tools/cross/lib/gcc/i686-elf/:/mnt/c/Projects/TSS/tools/cross/lib/gcc/i686-elf/13.0.1/../../../../i686-elf/bin/
LIBRARY_PATH=/mnt/c/Projects/TSS/tools/cross/lib/gcc/i686-elf/13.0.1/:/mnt/c/Projects/TSS/tools/cross/lib/gcc/i686-elf/13.0.1/../../../../i686-elf/lib/
COLLECT_GCC_OPTIONS='-Wall' '-Wextra' '-D' '__is_kernel' '-I' 'include' '-ffreestanding' '--sysroot=/mnt/c/Projects/TSS/QuanticOS/build/sysroot' '-isystem' '=/mnt/c/Projects/TSS/QuanticOS/build/sysroot/usr/include' '-v' '-o' 'CMakeFiles/cmTC_de326.dir/CMakeCCompilerABI.c.obj' '-c' '-mtune=generic' '-march=pentiumpro' '-dumpdir' 'CMakeFiles/cmTC_de326.dir/CMakeCCompilerABI.c.'
Linking C executable cmTC_de326
/usr/local/bin/cmake -E cmake_link_script CMakeFiles/cmTC_de326.dir/link.txt --verbose=1
/mnt/c/Projects/TSS/tools/cross/bin/i686-elf-gcc -Wall -Wextra -D__is_kernel -Iinclude -ffreestanding --sysroot=/mnt/c/Projects/TSS/QuanticOS/build/sysroot -isystem=/mnt/c/Projects/TSS/QuanticOS/build/sysroot/usr/include  -T /mnt/c/Projects/TSS/QuanticOS/kernel/arch/i386/linker.ld -v CMakeFiles/cmTC_de326.dir/CMakeCCompilerABI.c.obj -o cmTC_de326 
Using built-in specs.
COLLECT_GCC=/mnt/c/Projects/TSS/tools/cross/bin/i686-elf-gcc
COLLECT_LTO_WRAPPER=/mnt/c/Projects/TSS/tools/cross/libexec/gcc/i686-elf/13.0.1/lto-wrapper
Target: i686-elf
Configured with: ../../src/gcc/configure --target=i686-elf --prefix=/mnt/c/Projects/TSS/tools/cross --disable-nls --enable-languages=c,c++ --without-headers
Thread model: single
Supported LTO compression algorithms: zlib
gcc version 13.0.1 20230218 (experimental) (GCC) 
COMPILER_PATH=/mnt/c/Projects/TSS/tools/cross/libexec/gcc/i686-elf/13.0.1/:/mnt/c/Projects/TSS/tools/cross/libexec/gcc/i686-elf/13.0.1/:/mnt/c/Projects/TSS/tools/cross/libexec/gcc/i686-elf/:/mnt/c/Projects/TSS/tools/cross/lib/gcc/i686-elf/13.0.1/:/mnt/c/Projects/TSS/tools/cross/lib/gcc/i686-elf/:/mnt/c/Projects/TSS/tools/cross/lib/gcc/i686-elf/13.0.1/../../../../i686-elf/bin/
LIBRARY_PATH=/mnt/c/Projects/TSS/tools/cross/lib/gcc/i686-elf/13.0.1/:/mnt/c/Projects/TSS/tools/cross/lib/gcc/i686-elf/13.0.1/../../../../i686-elf/lib/
COLLECT_GCC_OPTIONS='-Wall' '-Wextra' '-D' '__is_kernel' '-I' 'include' '-ffreestanding' '--sysroot=/mnt/c/Projects/TSS/QuanticOS/build/sysroot' '-isystem' '=/mnt/c/Projects/TSS/QuanticOS/build/sysroot/usr/include' '-T' '/mnt/c/Projects/TSS/QuanticOS/kernel/arch/i386/linker.ld' '-v' '-o' 'cmTC_de326' '-mtune=generic' '-march=pentiumpro' '-dumpdir' 'cmTC_de326.'
 /mnt/c/Projects/TSS/tools/cross/libexec/gcc/i686-elf/13.0.1/collect2 -plugin /mnt/c/Projects/TSS/tools/cross/libexec/gcc/i686-elf/13.0.1/liblto_plugin.so -plugin-opt=/mnt/c/Projects/TSS/tools/cross/libexec/gcc/i686-elf/13.0.1/lto-wrapper -plugin-opt=-fresolution=/tmp/ccOTJH0K.res -plugin-opt=-pass-through=-lgcc -plugin-opt=-pass-through=-lc -plugin-opt=-pass-through=-lgcc --sysroot=/mnt/c/Projects/TSS/QuanticOS/build/sysroot -o cmTC_de326 crt0.o /mnt/c/Projects/TSS/tools/cross/lib/gcc/i686-elf/13.0.1/crtbegin.o -L/mnt/c/Projects/TSS/tools/cross/lib/gcc/i686-elf/13.0.1 -L/mnt/c/Projects/TSS/tools/cross/lib/gcc/i686-elf/13.0.1/../../../../i686-elf/lib CMakeFiles/cmTC_de326.dir/CMakeCCompilerABI.c.obj -lgcc -lc -lgcc /mnt/c/Projects/TSS/tools/cross/lib/gcc/i686-elf/13.0.1/crtend.o -T /mnt/c/Projects/TSS/QuanticOS/kernel/arch/i386/linker.ld
/mnt/c/Projects/TSS/tools/cross/lib/gcc/i686-elf/13.0.1/../../../../i686-elf/bin/ld: cannot find crt0.o: No such file or directory
/mnt/c/Projects/TSS/tools/cross/lib/gcc/i686-elf/13.0.1/../../../../i686-elf/bin/ld: cannot find -lc: No such file or directory
collect2: error: ld returned 1 exit status
CMakeFiles/cmTC_de326.dir/build.make:98: recipe for target 'cmTC_de326' failed
make[1]: *** [cmTC_de326] Error 1
make[1]: Leaving directory '/mnt/c/Projects/TSS/QuanticOS/build/CMakeFiles/CMakeTmp'
Makefile:127: recipe for target 'cmTC_de326/fast' failed
make: *** [cmTC_de326/fast] Error 2




